c:\users\wouter\dropbox\code\simri_2.0\msvc\debug\vc120.pdb
c:\users\wouter\dropbox\code\simri_2.0\msvc\debug\vc120.idb
c:\users\wouter\dropbox\code\simri_2.0\msvc\debug\kernomfic.obj
c:\users\wouter\dropbox\code\simri_2.0\msvc\debug\kerprint.obj
c:\users\wouter\dropbox\code\simri_2.0\msvc\debug\lstallo.obj
c:\users\wouter\dropbox\code\simri_2.0\msvc\debug\lstbasic.obj
c:\users\wouter\dropbox\code\simri_2.0\msvc\debug\seqallo.obj
c:\users\wouter\dropbox\code\simri_2.0\msvc\debug\sigallo.obj
c:\users\wouter\dropbox\code\simri_2.0\msvc\debug\sigfft.obj
c:\users\wouter\dropbox\code\simri_2.0\msvc\debug\sigmm.obj
c:\users\wouter\dropbox\code\simri_2.0\msvc\debug\sigpalet.obj
c:\users\wouter\dropbox\code\simri_2.0\msvc\debug\sigtoima.obj
c:\users\wouter\dropbox\code\simri_2.0\msvc\debug\sigwrf.obj
c:\users\wouter\dropbox\code\simri_2.0\msvc\debug\str.obj
c:\users\wouter\dropbox\code\simri_2.0\msvc\debug\strcomp.obj
c:\users\wouter\dropbox\code\simri_2.0\msvc\debug\utilcalc.obj
c:\users\wouter\dropbox\code\simri_2.0\msvc\debug\volallo.obj
c:\users\wouter\dropbox\code\simri_2.0\msvc\debug\volfft.obj
c:\users\wouter\dropbox\code\simri_2.0\msvc\debug\volmax.obj
c:\users\wouter\dropbox\code\simri_2.0\msvc\debug\volmin.obj
c:\users\wouter\dropbox\code\simri_2.0\msvc\debug\volrdf.obj
c:\users\wouter\dropbox\code\simri_2.0\msvc\debug\volwrf.obj
c:\users\wouter\dropbox\code\simri_2.0\msvc\debug\dcmutil.obj
c:\users\wouter\dropbox\code\simri_2.0\msvc\debug\dicom.obj
c:\users\wouter\dropbox\code\simri_2.0\msvc\debug\dyima.obj
c:\users\wouter\dropbox\code\simri_2.0\msvc\debug\dyimawin32.obj
c:\users\wouter\dropbox\code\simri_2.0\msvc\debug\dyimaxold.obj
c:\users\wouter\dropbox\code\simri_2.0\msvc\debug\gdcmjpeg.obj
c:\users\wouter\dropbox\code\simri_2.0\msvc\debug\imaallo.obj
c:\users\wouter\dropbox\code\simri_2.0\msvc\debug\imabasic.obj
c:\users\wouter\dropbox\code\simri_2.0\msvc\debug\imachekal.obj
c:\users\wouter\dropbox\code\simri_2.0\msvc\debug\imaclear.obj
c:\users\wouter\dropbox\code\simri_2.0\msvc\debug\imadrawline.obj
c:\users\wouter\dropbox\code\simri_2.0\msvc\debug\imafill.obj
c:\users\wouter\dropbox\code\simri_2.0\msvc\debug\imagette.obj
c:\users\wouter\dropbox\code\simri_2.0\msvc\debug\imalabel.obj
c:\users\wouter\dropbox\code\simri_2.0\msvc\debug\imamax.obj
c:\users\wouter\dropbox\code\simri_2.0\msvc\debug\imapart.obj
c:\users\wouter\dropbox\code\simri_2.0\msvc\debug\imawrf.obj
c:\users\wouter\dropbox\code\simri_2.0\msvc\debug\imazoom.obj
c:\users\wouter\dropbox\code\simri_2.0\msvc\debug\kererr.obj
c:\users\wouter\dropbox\code\simri_2.0\msvc\debug\kerextern.obj
c:\users\wouter\dropbox\code\simri_2.0\msvc\debug\acrread.obj
c:\users\wouter\dropbox\code\simri_2.0\msvc\debug\acrutil.obj
c:\users\wouter\dropbox\code\simri_2.0\msvc\debug\acrwrite.obj
c:\users\wouter\dropbox\code\simri_2.0\msvc\debug\arg.obj
c:\users\wouter\dropbox\code\simri_2.0\msvc\debug\argexit.obj
c:\users\wouter\dropbox\code\simri_2.0\msvc\debug\cntallo.obj
c:\users\wouter\dropbox\code\simri_2.0\msvc\debug\cntcdg.obj
c:\users\wouter\dropbox\code\simri_2.0\msvc\debug\cntfill.obj
c:\users\wouter\dropbox\code\simri_2.0\msvc\debug\cntutil.obj
c:\users\wouter\dropbox\code\simri_2.0\msvc\debug\dcmjpeg.obj
c:\users\wouter\dropbox\code\simri_2.0\msvc\debug\dcmread.obj
c:\users\wouter\dropbox\code\simri_2.0\bin\libidolite.lib
c:\users\wouter\dropbox\code\simri_2.0\msvc\debug\display.obj
c:\users\wouter\dropbox\code\simri_2.0\msvc\debug\event-acquisition.obj
c:\users\wouter\dropbox\code\simri_2.0\msvc\debug\event-precession.obj
c:\users\wouter\dropbox\code\simri_2.0\msvc\debug\event-rfpulse.obj
c:\users\wouter\dropbox\code\simri_2.0\msvc\debug\event.obj
c:\users\wouter\dropbox\code\simri_2.0\msvc\debug\experience.obj
c:\users\wouter\dropbox\code\simri_2.0\msvc\debug\kernel-frequency-acq.obj
c:\users\wouter\dropbox\code\simri_2.0\msvc\debug\kernel-phase-acq.obj
c:\users\wouter\dropbox\code\simri_2.0\msvc\debug\kernel-precession.obj
c:\users\wouter\dropbox\code\simri_2.0\msvc\debug\kernel-rfpulse.obj
c:\users\wouter\dropbox\code\simri_2.0\msvc\debug\kernel.obj
c:\users\wouter\dropbox\code\simri_2.0\msvc\debug\noise.obj
c:\users\wouter\dropbox\code\simri_2.0\msvc\debug\object-brain.obj
c:\users\wouter\dropbox\code\simri_2.0\msvc\debug\object-compound.obj
c:\users\wouter\dropbox\code\simri_2.0\msvc\debug\object-ki.obj
c:\users\wouter\dropbox\code\simri_2.0\msvc\debug\object-simple.obj
c:\users\wouter\dropbox\code\simri_2.0\msvc\debug\object.obj
c:\users\wouter\dropbox\code\simri_2.0\msvc\debug\output.obj
c:\users\wouter\dropbox\code\simri_2.0\msvc\debug\reconstruction.obj
c:\users\wouter\dropbox\code\simri_2.0\msvc\debug\seq-fid.obj
c:\users\wouter\dropbox\code\simri_2.0\msvc\debug\seq-ge.obj
c:\users\wouter\dropbox\code\simri_2.0\msvc\debug\seq-ir.obj
c:\users\wouter\dropbox\code\simri_2.0\msvc\debug\seq-mpi.obj
c:\users\wouter\dropbox\code\simri_2.0\msvc\debug\seq-se.obj
c:\users\wouter\dropbox\code\simri_2.0\msvc\debug\seq-special.obj
c:\users\wouter\dropbox\code\simri_2.0\msvc\debug\seq-tf.obj
c:\users\wouter\dropbox\code\simri_2.0\msvc\debug\seq-tse.obj
c:\users\wouter\dropbox\code\simri_2.0\msvc\debug\sequence.obj
c:\users\wouter\dropbox\code\simri_2.0\msvc\debug\simri.obj
c:\users\wouter\dropbox\code\simri_2.0\msvc\debug\test-rmn.obj
c:\users\wouter\dropbox\code\simri_2.0\msvc\debug\test-sequence.obj
c:\users\wouter\dropbox\code\simri_2.0\msvc\debug\simri3d.pdb
c:\users\wouter\dropbox\code\simri_2.0\msvc\debug\simri3d.bsc
c:\users\wouter\dropbox\code\simri_2.0\msvc\debug\display.sbr
c:\users\wouter\dropbox\code\simri_2.0\msvc\debug\event-acquisition.sbr
c:\users\wouter\dropbox\code\simri_2.0\msvc\debug\event-precession.sbr
c:\users\wouter\dropbox\code\simri_2.0\msvc\debug\event-rfpulse.sbr
c:\users\wouter\dropbox\code\simri_2.0\msvc\debug\event.sbr
c:\users\wouter\dropbox\code\simri_2.0\msvc\debug\experience.sbr
c:\users\wouter\dropbox\code\simri_2.0\msvc\debug\kernel-frequency-acq.sbr
c:\users\wouter\dropbox\code\simri_2.0\msvc\debug\kernel-phase-acq.sbr
c:\users\wouter\dropbox\code\simri_2.0\msvc\debug\kernel-precession.sbr
c:\users\wouter\dropbox\code\simri_2.0\msvc\debug\kernel-rfpulse.sbr
c:\users\wouter\dropbox\code\simri_2.0\msvc\debug\kernel.sbr
c:\users\wouter\dropbox\code\simri_2.0\msvc\debug\noise.sbr
c:\users\wouter\dropbox\code\simri_2.0\msvc\debug\object-brain.sbr
c:\users\wouter\dropbox\code\simri_2.0\msvc\debug\object-compound.sbr
c:\users\wouter\dropbox\code\simri_2.0\msvc\debug\object-ki.sbr
c:\users\wouter\dropbox\code\simri_2.0\msvc\debug\object-simple.sbr
c:\users\wouter\dropbox\code\simri_2.0\msvc\debug\object.sbr
c:\users\wouter\dropbox\code\simri_2.0\msvc\debug\output.sbr
c:\users\wouter\dropbox\code\simri_2.0\msvc\debug\reconstruction.sbr
c:\users\wouter\dropbox\code\simri_2.0\msvc\debug\seq-fid.sbr
c:\users\wouter\dropbox\code\simri_2.0\msvc\debug\seq-ge.sbr
c:\users\wouter\dropbox\code\simri_2.0\msvc\debug\seq-ir.sbr
c:\users\wouter\dropbox\code\simri_2.0\msvc\debug\seq-mpi.sbr
c:\users\wouter\dropbox\code\simri_2.0\msvc\debug\seq-se.sbr
c:\users\wouter\dropbox\code\simri_2.0\msvc\debug\seq-special.sbr
c:\users\wouter\dropbox\code\simri_2.0\msvc\debug\seq-tf.sbr
c:\users\wouter\dropbox\code\simri_2.0\msvc\debug\seq-tse.sbr
c:\users\wouter\dropbox\code\simri_2.0\msvc\debug\sequence.sbr
c:\users\wouter\dropbox\code\simri_2.0\msvc\debug\simri.sbr
c:\users\wouter\dropbox\code\simri_2.0\msvc\debug\test-rmn.sbr
c:\users\wouter\dropbox\code\simri_2.0\msvc\debug\test-sequence.sbr
c:\users\wouter\dropbox\code\simri_2.0\msvc\../bin\libidolite.lib
c:\users\wouter\dropbox\code\simri_2.0\msvc\debug\libidolite.tlog\cl.command.1.tlog
c:\users\wouter\dropbox\code\simri_2.0\msvc\debug\libidolite.tlog\cl.read.1.tlog
c:\users\wouter\dropbox\code\simri_2.0\msvc\debug\libidolite.tlog\cl.write.1.tlog
c:\users\wouter\dropbox\code\simri_2.0\msvc\debug\libidolite.tlog\lib-link.read.1.tlog
c:\users\wouter\dropbox\code\simri_2.0\msvc\debug\libidolite.tlog\lib-link.write.1.tlog
c:\users\wouter\dropbox\code\simri_2.0\msvc\debug\libidolite.tlog\lib.command.1.tlog
